app/build/intermediates/manifest_merge_blame_file/debug/processDebugMainManifest/manifest-merger-blame-debug-report.txt
1<?xml version="1.0" encoding="utf-8"?>
2<manifest xmlns:android="http://schemas.android.com/apk/res/android"
3    package="com.example.kingsofthejungle"
4    android:versionCode="1"
5    android:versionName="1.0" >
6
7    <uses-sdk
7-->INJECTED
8        android:minSdkVersion="24"
8-->INJECTED
9        android:targetSdkVersion="36" />
9-->INJECTED
10
11    <uses-permission android:name="android.permission.ACCESS_FINE_LOCATION" />
11-->src/main/AndroidManifest.xml:5:5-79
11-->src/main/AndroidManifest.xml:5:22-76
12    <uses-permission android:name="android.permission.ACCESS_COARSE_LOCATION" />
12-->src/main/AndroidManifest.xml:6:5-81
12-->src/main/AndroidManifest.xml:6:22-78
13    <uses-permission android:name="android.permission.BODY_SENSORS" />
13-->src/main/AndroidManifest.xml:7:5-71
13-->src/main/AndroidManifest.xml:7:22-68
14    <!-- Required by Nearby Connections on Android ≤ 11 (API ≤ 30) -->
15    <uses-permission
15-->src/main/AndroidManifest.xml:9:5-10:38
16        android:name="android.permission.BLUETOOTH"
16-->src/main/AndroidManifest.xml:9:22-65
17        android:maxSdkVersion="30" />
17-->src/main/AndroidManifest.xml:10:9-35
18    <uses-permission
18-->src/main/AndroidManifest.xml:11:5-12:38
19        android:name="android.permission.BLUETOOTH_ADMIN"
19-->src/main/AndroidManifest.xml:11:22-71
20        android:maxSdkVersion="30" />
20-->src/main/AndroidManifest.xml:12:9-35
21    <uses-permission android:name="android.permission.ACCESS_WIFI_STATE" />
21-->src/main/AndroidManifest.xml:13:5-76
21-->src/main/AndroidManifest.xml:13:22-73
22    <uses-permission android:name="android.permission.CHANGE_WIFI_STATE" />
22-->src/main/AndroidManifest.xml:14:5-76
22-->src/main/AndroidManifest.xml:14:22-73
23
24    <!-- Android 12+ Bluetooth permissions -->
25    <uses-permission
25-->src/main/AndroidManifest.xml:17:5-20:31
26        android:name="android.permission.BLUETOOTH_SCAN"
26-->src/main/AndroidManifest.xml:18:9-57
27        android:usesPermissionFlags="neverForLocation" />
27-->src/main/AndroidManifest.xml:19:9-55
28    <uses-permission android:name="android.permission.BLUETOOTH_ADVERTISE" />
28-->src/main/AndroidManifest.xml:21:5-23:31
28-->src/main/AndroidManifest.xml:22:9-62
29    <uses-permission android:name="android.permission.BLUETOOTH_CONNECT" />
29-->src/main/AndroidManifest.xml:24:5-26:31
29-->src/main/AndroidManifest.xml:25:9-60
30
31    <!-- Android 13+ Wifi permissions -->
32    <uses-permission
32-->src/main/AndroidManifest.xml:29:5-32:38
33        android:name="android.permission.NEARBY_WIFI_DEVICES"
33-->src/main/AndroidManifest.xml:30:9-62
34        android:usesPermissionFlags="neverForLocation" />
34-->src/main/AndroidManifest.xml:31:9-55
35    <uses-permission android:name="android.permission.ACCESS_NETWORK_STATE" />
35-->[com.google.android.gms:play-services-nearby:19.3.0] AndroidManifest.xml:6:5-79
35-->[com.google.android.gms:play-services-nearby:19.3.0] AndroidManifest.xml:6:22-76
36
37    <permission
37-->[androidx.core:core:1.18.0] AndroidManifest.xml:22:5-24:47
38        android:name="com.example.kingsofthejungle.DYNAMIC_RECEIVER_NOT_EXPORTED_PERMISSION"
38-->[androidx.core:core:1.18.0] AndroidManifest.xml:23:9-81
39        android:protectionLevel="signature" />
39-->[androidx.core:core:1.18.0] AndroidManifest.xml:24:9-44
40
41    <uses-permission android:name="com.example.kingsofthejungle.DYNAMIC_RECEIVER_NOT_EXPORTED_PERMISSION" />
41-->[androidx.core:core:1.18.0] AndroidManifest.xml:26:5-97
41-->[androidx.core:core:1.18.0] AndroidManifest.xml:26:22-94
42
43    <application
43-->src/main/AndroidManifest.xml:34:5-54:19
44        android:allowBackup="true"
44-->src/main/AndroidManifest.xml:35:9-35
45        android:appComponentFactory="androidx.core.app.CoreComponentFactory"
45-->[androidx.core:core:1.18.0] AndroidManifest.xml:28:18-86
46        android:dataExtractionRules="@xml/data_extraction_rules"
46-->src/main/AndroidManifest.xml:36:9-65
47        android:debuggable="true"
48        android:extractNativeLibs="false"
48-->INJECTED
49        android:fullBackupContent="@xml/backup_rules"
49-->src/main/AndroidManifest.xml:37:9-54
50        android:icon="@mipmap/ic_launcher"
50-->src/main/AndroidManifest.xml:38:9-43
51        android:label="@string/app_name"
51-->src/main/AndroidManifest.xml:39:9-41
52        android:roundIcon="@mipmap/ic_launcher_round"
52-->src/main/AndroidManifest.xml:40:9-54
53        android:supportsRtl="true"
53-->src/main/AndroidManifest.xml:41:9-35
54        android:theme="@style/Theme.KingsOfTheJungle" >
54-->src/main/AndroidManifest.xml:42:9-54
55        <activity
55-->src/main/AndroidManifest.xml:43:9-53:20
56            android:name="com.example.kingsofthejungle.MainActivity"
56-->src/main/AndroidManifest.xml:44:13-41
57            android:exported="true"
57-->src/main/AndroidManifest.xml:45:13-36
58            android:label="@string/app_name"
58-->src/main/AndroidManifest.xml:46:13-45
59            android:theme="@style/Theme.KingsOfTheJungle" >
59-->src/main/AndroidManifest.xml:47:13-58
60            <intent-filter>
60-->src/main/AndroidManifest.xml:48:13-52:29
61                <action android:name="android.intent.action.MAIN" />
61-->src/main/AndroidManifest.xml:49:17-69
61-->src/main/AndroidManifest.xml:49:25-66
62
63                <category android:name="android.intent.category.LAUNCHER" />
63-->src/main/AndroidManifest.xml:51:17-77
63-->src/main/AndroidManifest.xml:51:27-74
64            </intent-filter>
65        </activity>
66
67        <service
67-->[com.google.android.gms:play-services-nearby:19.3.0] AndroidManifest.xml:9:9-214
68            android:name="com.google.android.gms.nearby.exposurenotification.WakeUpService"
68-->[com.google.android.gms:play-services-nearby:19.3.0] AndroidManifest.xml:9:18-97
69            android:exported="true"
69-->[com.google.android.gms:play-services-nearby:19.3.0] AndroidManifest.xml:9:98-121
70            android:permission="com.google.android.gms.nearby.exposurenotification.EXPOSURE_CALLBACK" />
70-->[com.google.android.gms:play-services-nearby:19.3.0] AndroidManifest.xml:9:122-211
71
72        <activity
72-->[com.google.android.gms:play-services-base:18.5.0] AndroidManifest.xml:5:9-173
73            android:name="com.google.android.gms.common.api.GoogleApiActivity"
73-->[com.google.android.gms:play-services-base:18.5.0] AndroidManifest.xml:5:19-85
74            android:exported="false"
74-->[com.google.android.gms:play-services-base:18.5.0] AndroidManifest.xml:5:146-170
75            android:theme="@android:style/Theme.Translucent.NoTitleBar" />
75-->[com.google.android.gms:play-services-base:18.5.0] AndroidManifest.xml:5:86-145
76
77        <meta-data
77-->[com.google.android.gms:play-services-basement:18.4.0] AndroidManifest.xml:6:9-122
78            android:name="com.google.android.gms.version"
78-->[com.google.android.gms:play-services-basement:18.4.0] AndroidManifest.xml:6:20-65
79            android:value="@integer/google_play_services_version" />
79-->[com.google.android.gms:play-services-basement:18.4.0] AndroidManifest.xml:6:66-119
80
81        <activity
81-->[androidx.compose.ui:ui-tooling-android:1.9.2] AndroidManifest.xml:23:9-25:39
82            android:name="androidx.compose.ui.tooling.PreviewActivity"
82-->[androidx.compose.ui:ui-tooling-android:1.9.2] AndroidManifest.xml:24:13-71
83            android:exported="true" />
83-->[androidx.compose.ui:ui-tooling-android:1.9.2] AndroidManifest.xml:25:13-36
84        <activity
84-->[androidx.compose.ui:ui-test-manifest:1.9.2] AndroidManifest.xml:23:9-26:79
85            android:name="androidx.activity.ComponentActivity"
85-->[androidx.compose.ui:ui-test-manifest:1.9.2] AndroidManifest.xml:24:13-63
86            android:exported="true"
86-->[androidx.compose.ui:ui-test-manifest:1.9.2] AndroidManifest.xml:25:13-36
87            android:theme="@android:style/Theme.Material.Light.NoActionBar" />
87-->[androidx.compose.ui:ui-test-manifest:1.9.2] AndroidManifest.xml:26:13-76
88
89        <provider
89-->[androidx.emoji2:emoji2:1.4.0] AndroidManifest.xml:24:9-32:20
90            android:name="androidx.startup.InitializationProvider"
90-->[androidx.emoji2:emoji2:1.4.0] AndroidManifest.xml:25:13-67
91            android:authorities="com.example.kingsofthejungle.androidx-startup"
91-->[androidx.emoji2:emoji2:1.4.0] AndroidManifest.xml:26:13-68
92            android:exported="false" >
92-->[androidx.emoji2:emoji2:1.4.0] AndroidManifest.xml:27:13-37
93            <meta-data
93-->[androidx.emoji2:emoji2:1.4.0] AndroidManifest.xml:29:13-31:52
94                android:name="androidx.emoji2.text.EmojiCompatInitializer"
94-->[androidx.emoji2:emoji2:1.4.0] AndroidManifest.xml:30:17-75
95                android:value="androidx.startup" />
95-->[androidx.emoji2:emoji2:1.4.0] AndroidManifest.xml:31:17-49
96            <meta-data
96-->[androidx.lifecycle:lifecycle-process:2.10.0] AndroidManifest.xml:29:13-31:52
97                android:name="androidx.lifecycle.ProcessLifecycleInitializer"
97-->[androidx.lifecycle:lifecycle-process:2.10.0] AndroidManifest.xml:30:17-78
98                android:value="androidx.startup" />
98-->[androidx.lifecycle:lifecycle-process:2.10.0] AndroidManifest.xml:31:17-49
99            <meta-data
99-->[androidx.profileinstaller:profileinstaller:1.4.0] AndroidManifest.xml:29:13-31:52
100                android:name="androidx.profileinstaller.ProfileInstallerInitializer"
100-->[androidx.profileinstaller:profileinstaller:1.4.0] AndroidManifest.xml:30:17-85
101                android:value="androidx.startup" />
101-->[androidx.profileinstaller:profileinstaller:1.4.0] AndroidManifest.xml:31:17-49
102        </provider>
103
104        <receiver
104-->[androidx.profileinstaller:profileinstaller:1.4.0] AndroidManifest.xml:34:9-52:20
105            android:name="androidx.profileinstaller.ProfileInstallReceiver"
105-->[androidx.profileinstaller:profileinstaller:1.4.0] AndroidManifest.xml:35:13-76
106            android:directBootAware="false"
106-->[androidx.profileinstaller:profileinstaller:1.4.0] AndroidManifest.xml:36:13-44
107            android:enabled="true"
107-->[androidx.profileinstaller:profileinstaller:1.4.0] AndroidManifest.xml:37:13-35
108            android:exported="true"
108-->[androidx.profileinstaller:profileinstaller:1.4.0] AndroidManifest.xml:38:13-36
109            android:permission="android.permission.DUMP" >
109-->[androidx.profileinstaller:profileinstaller:1.4.0] AndroidManifest.xml:39:13-57
110            <intent-filter>
110-->[androidx.profileinstaller:profileinstaller:1.4.0] AndroidManifest.xml:40:13-42:29
111                <action android:name="androidx.profileinstaller.action.INSTALL_PROFILE" />
111-->[androidx.profileinstaller:profileinstaller:1.4.0] AndroidManifest.xml:41:17-91
111-->[androidx.profileinstaller:profileinstaller:1.4.0] AndroidManifest.xml:41:25-88
112            </intent-filter>
113            <intent-filter>
113-->[androidx.profileinstaller:profileinstaller:1.4.0] AndroidManifest.xml:43:13-45:29
114                <action android:name="androidx.profileinstaller.action.SKIP_FILE" />
114-->[androidx.profileinstaller:profileinstaller:1.4.0] AndroidManifest.xml:44:17-85
114-->[androidx.profileinstaller:profileinstaller:1.4.0] AndroidManifest.xml:44:25-82
115            </intent-filter>
116            <intent-filter>
116-->[androidx.profileinstaller:profileinstaller:1.4.0] AndroidManifest.xml:46:13-48:29
117                <action android:name="androidx.profileinstaller.action.SAVE_PROFILE" />
117-->[androidx.profileinstaller:profileinstaller:1.4.0] AndroidManifest.xml:47:17-88
117-->[androidx.profileinstaller:profileinstaller:1.4.0] AndroidManifest.xml:47:25-85
118            </intent-filter>
119            <intent-filter>
119-->[androidx.profileinstaller:profileinstaller:1.4.0] AndroidManifest.xml:49:13-51:29
120                <action android:name="androidx.profileinstaller.action.BENCHMARK_OPERATION" />
120-->[androidx.profileinstaller:profileinstaller:1.4.0] AndroidManifest.xml:50:17-95
120-->[androidx.profileinstaller:profileinstaller:1.4.0] AndroidManifest.xml:50:25-92
121            </intent-filter>
122        </receiver>
123    </application>
124
125</manifest>